# JRE version: Java(TM) SE Runtime Environment (7.0_60-b19) (build 1.7.0_60-b19)
# Java VM: Java HotSpot(TM) Client VM (24.60-b09 mixed mode windows-x86 )
Heap
 def new generation   total 31872K, used 31852K [0x02c00000, 0x04e90000, 0x18150000)
  eden space 28352K, 100% used [0x02c00000, 0x047b0000, 0x047b0000)
  from space 3520K,  99% used [0x04b20000, 0x04e8b350, 0x04e90000)
  to   space 3520K,  48% used [0x047b0000, 0x04958228, 0x04b20000)
 tenured generation   total 70656K, used 52137K [0x18150000, 0x1c650000, 0x42c00000)
   the space 70656K,  73% used [0x18150000, 0x1b43a770, 0x1b43a800, 0x1c650000)
 compacting perm gen  total 12288K, used 3168K [0x42c00000, 0x43800000, 0x46c00000)
   the space 12288K,  25% used [0x42c00000, 0x42f183d0, 0x42f18400, 0x43800000)
GC Heap History (10 events):
Event: 4.881 GC heap after
Heap after GC invocations=32 (full 3):
 def new generation   total 18112K, used 1984K [0x02c00000, 0x03fa0000, 0x18150000)
  eden space 16128K,   0% used [0x02c00000, 0x02c00000, 0x03bc0000)
  from space 1984K, 100% used [0x03db0000, 0x03fa0000, 0x03fa0000)
  to   space 1984K,   0% used [0x03bc0000, 0x03bc0000, 0x03db0000)
 tenured generation   total 40088K, used 39864K [0x18150000, 0x1a876000, 0x42c00000)
   the space 40088K,  99% used [0x18150000, 0x1a83e120, 0x1a83e200, 0x1a876000)
 compacting perm gen  total 12288K, used 3171K [0x42c00000, 0x43800000, 0x46c00000)
   the space 12288K,  25% used [0x42c00000, 0x42f18cf8, 0x42f18e00, 0x43800000)
No shared spaces configured.
}
Event: 5.057 GC heap before
{Heap before GC invocations=32 (full 3):
 def new generation   total 18112K, used 18112K [0x02c00000, 0x03fa0000, 0x18150000)
  eden space 16128K, 100% used [0x02c00000, 0x03bc0000, 0x03bc0000)
  from space 1984K, 100% used [0x03db0000, 0x03fa0000, 0x03fa0000)
  to   space 1984K,   0% used [0x03bc0000, 0x03bc0000, 0x03db0000)
 tenured generation   total 40088K, used 39864K [0x18150000, 0x1a876000, 0x42c00000)
   the space 40088K,  99% used [0x18150000, 0x1a83e120, 0x1a83e200, 0x1a876000)
 compacting perm gen  total 12288K, used 3171K [0x42c00000, 0x43800000, 0x46c00000)
   the space 12288K,  25% used [0x42c00000, 0x42f18cf8, 0x42f18e00, 0x43800000)
No shared spaces configured.
Event: 5.352 GC heap after
Heap after GC invocations=33 (full 4):
 def new generation   total 31872K, used 473K [0x02c00000, 0x04e90000, 0x18150000)
  eden space 28352K,   1% used [0x02c00000, 0x02c76460, 0x047b0000)
  from space 3520K,   0% used [0x047b0000, 0x047b0000, 0x04b20000)
  to   space 3520K,   0% used [0x04b20000, 0x04b20000, 0x04e90000)
 tenured generation   total 70656K, used 42391K [0x18150000, 0x1c650000, 0x42c00000)
   the space 70656K,  59% used [0x18150000, 0x1aab5fb8, 0x1aab6000, 0x1c650000)
 compacting perm gen  total 12288K, used 3168K [0x42c00000, 0x43800000, 0x46c00000)
   the space 12288K,  25% used [0x42c00000, 0x42f180a8, 0x42f18200, 0x43800000)
No shared spaces configured.
}
Event: 6.099 GC heap before
{Heap before GC invocations=33 (full 4):
 def new generation   total 31872K, used 28352K [0x02c00000, 0x04e90000, 0x18150000)
  eden space 28352K, 100% used [0x02c00000, 0x047b0000, 0x047b0000)
  from space 3520K,   0% used [0x047b0000, 0x047b0000, 0x04b20000)
  to   space 3520K,   0% used [0x04b20000, 0x04b20000, 0x04e90000)
 tenured generation   total 70656K, used 42391K [0x18150000, 0x1c650000, 0x42c00000)
   the space 70656K,  59% used [0x18150000, 0x1aab5fb8, 0x1aab6000, 0x1c650000)
 compacting perm gen  total 12288K, used 3168K [0x42c00000, 0x43800000, 0x46c00000)
   the space 12288K,  25% used [0x42c00000, 0x42f183d0, 0x42f18400, 0x43800000)
No shared spaces configured.
Event: 6.159 GC heap after
Heap after GC invocations=34 (full 4):
 def new generation   total 31872K, used 3520K [0x02c00000, 0x04e90000, 0x18150000)
  eden space 28352K,   0% used [0x02c00000, 0x02c00000, 0x047b0000)
  from space 3520K, 100% used [0x04b20000, 0x04e90000, 0x04e90000)
  to   space 3520K,   0% used [0x047b0000, 0x047b0000, 0x04b20000)
 tenured generation   total 70656K, used 43717K [0x18150000, 0x1c650000, 0x42c00000)
   the space 70656K,  61% used [0x18150000, 0x1ac016b8, 0x1ac01800, 0x1c650000)
 compacting perm gen  total 12288K, used 3168K [0x42c00000, 0x43800000, 0x46c00000)
   the space 12288K,  25% used [0x42c00000, 0x42f183d0, 0x42f18400, 0x43800000)
No shared spaces configured.
}
Event: 6.493 GC heap before
{Heap before GC invocations=34 (full 4):
 def new generation   total 31872K, used 31872K [0x02c00000, 0x04e90000, 0x18150000)
  eden space 28352K, 100% used [0x02c00000, 0x047b0000, 0x047b0000)
  from space 3520K, 100% used [0x04b20000, 0x04e90000, 0x04e90000)
  to   space 3520K,   0% used [0x047b0000, 0x047b0000, 0x04b20000)
 tenured generation   total 70656K, used 43717K [0x18150000, 0x1c650000, 0x42c00000)
   the space 70656K,  61% used [0x18150000, 0x1ac016b8, 0x1ac01800, 0x1c650000)
 compacting perm gen  total 12288K, used 3168K [0x42c00000, 0x43800000, 0x46c00000)
   the space 12288K,  25% used [0x42c00000, 0x42f183d0, 0x42f18400, 0x43800000)
No shared spaces configured.
Event: 6.529 GC heap after
Heap after GC invocations=35 (full 4):
 def new generation   total 31872K, used 3520K [0x02c00000, 0x04e90000, 0x18150000)
  eden space 28352K,   0% used [0x02c00000, 0x02c00000, 0x047b0000)
  from space 3520K, 100% used [0x047b0000, 0x04b20000, 0x04b20000)
  to   space 3520K,   0% used [0x04b20000, 0x04b20000, 0x04e90000)
 tenured generation   total 70656K, used 48043K [0x18150000, 0x1c650000, 0x42c00000)
   the space 70656K,  67% used [0x18150000, 0x1b03ac70, 0x1b03ae00, 0x1c650000)
 compacting perm gen  total 12288K, used 3168K [0x42c00000, 0x43800000, 0x46c00000)
   the space 12288K,  25% used [0x42c00000, 0x42f183d0, 0x42f18400, 0x43800000)
No shared spaces configured.
}
Event: 6.758 GC heap before
{Heap before GC invocations=35 (full 4):
 def new generation   total 31872K, used 31872K [0x02c00000, 0x04e90000, 0x18150000)
  eden space 28352K, 100% used [0x02c00000, 0x047b0000, 0x047b0000)
  from space 3520K, 100% used [0x047b0000, 0x04b20000, 0x04b20000)
  to   space 3520K,   0% used [0x04b20000, 0x04b20000, 0x04e90000)
 tenured generation   total 70656K, used 48043K [0x18150000, 0x1c650000, 0x42c00000)
   the space 70656K,  67% used [0x18150000, 0x1b03ac70, 0x1b03ae00, 0x1c650000)
 compacting perm gen  total 12288K, used 3168K [0x42c00000, 0x43800000, 0x46c00000)
   the space 12288K,  25% used [0x42c00000, 0x42f183d0, 0x42f18400, 0x43800000)
No shared spaces configured.
Event: 6.786 GC heap after
Heap after GC invocations=36 (full 4):
 def new generation   total 31872K, used 3500K [0x02c00000, 0x04e90000, 0x18150000)
  eden space 28352K,   0% used [0x02c00000, 0x02c00000, 0x047b0000)
  from space 3520K,  99% used [0x04b20000, 0x04e8b350, 0x04e90000)
  to   space 3520K,   0% used [0x047b0000, 0x047b0000, 0x04b20000)
 tenured generation   total 70656K, used 51532K [0x18150000, 0x1c650000, 0x42c00000)
   the space 70656K,  72% used [0x18150000, 0x1b3a30b8, 0x1b3a3200, 0x1c650000)
 compacting perm gen  total 12288K, used 3168K [0x42c00000, 0x43800000, 0x46c00000)
   the space 12288K,  25% used [0x42c00000, 0x42f183d0, 0x42f18400, 0x43800000)
No shared spaces configured.
}
Event: 7.394 GC heap before
{Heap before GC invocations=36 (full 4):
 def new generation   total 31872K, used 31852K [0x02c00000, 0x04e90000, 0x18150000)
  eden space 28352K, 100% used [0x02c00000, 0x047b0000, 0x047b0000)
  from space 3520K,  99% used [0x04b20000, 0x04e8b350, 0x04e90000)
  to   space 3520K,   0% used [0x047b0000, 0x047b0000, 0x04b20000)
 tenured generation   total 70656K, used 51532K [0x18150000, 0x1c650000, 0x42c00000)
   the space 70656K,  72% used [0x18150000, 0x1b3a30b8, 0x1b3a3200, 0x1c650000)
 compacting perm gen  total 12288K, used 3168K [0x42c00000, 0x43800000, 0x46c00000)
   the space 12288K,  25% used [0x42c00000, 0x42f183d0, 0x42f18400, 0x43800000)
No shared spaces configured.

